<?xml version="1.0" encoding="UTF-8"?>
<testsuite name="Selenium_testNG"
           tests="2"
           failures="0"
           errors="0"
           skipped="0"
           time="5.387">
    <properties></properties>



            <testcase
                name="validate_Click_Functionality"
                time="0.188"
                classname="testScripts.LearningActions">
            </testcase>
            <testcase
                name="validate_CleckBox_Functionality"
                time="5.199"
                classname="testScripts.LearningActions">
            </testcase>
</testsuite>
