<?xml version="1.0" encoding="UTF-8"?>
<testsuite name="Selenium_testNG"
           tests="3"
           failures="1"
           errors="0"
           skipped="2"
           time="1.177">
    <properties></properties>

            <testcase
                name="first_step"
                time="1.177"
                classname="testScripts.AmazonPrintLinks">

            <failure type="org.openqa.selenium.SessionNotCreatedException" message="Could not start a new session. Response code 500. Message: session not created: This version of ChromeDriver only supports Chrome version 111
Current browser version is 114.0.5735.110 with binary path C:\Program Files\Google\Chrome\Application\chrome.exe 
Host info: host: &apos;VIGNESHLP&apos;, ip: &apos;192.168.86.56&apos;
Build info: version: &apos;4.9.0&apos;, revision: &apos;d7057100a6&apos;
System info: os.name: &apos;Windows 11&apos;, os.arch: &apos;amd64&apos;, os.version: &apos;10.0&apos;, java.version: &apos;20&apos;
Driver info: org.openqa.selenium.chrome.ChromeDriver
Command: [null, newSession {capabilities=[Capabilities {browserName: chrome, goog:chromeOptions: {args: [--remote-allow-origins=*], extensions: []}}]}]">
                <![CDATA[org.openqa.selenium.SessionNotCreatedException: Could not start a new session. Response code 500. Message: session not created: This version of ChromeDriver only supports Chrome version 111
Current browser version is 114.0.5735.110 with binary path C:\Program Files\Google\Chrome\Application\chrome.exe 
Host info: host: 'VIGNESHLP', ip: '192.168.86.56'
Build info: version: '4.9.0', revision: 'd7057100a6'
System info: os.name: 'Windows 11', os.arch: 'amd64', os.version: '10.0', java.version: '20'
Driver info: org.openqa.selenium.chrome.ChromeDriver
Command: [null, newSession {capabilities=[Capabilities {browserName: chrome, goog:chromeOptions: {args: [--remote-allow-origins=*], extensions: []}}]}]
                org.openqa.selenium.remote.ProtocolHandshake.createSession(ProtocolHandshake.java:136)org.openqa.selenium.remote.ProtocolHandshake.createSession(ProtocolHandshake.java:94)org.openqa.selenium.remote.ProtocolHandshake.createSession(ProtocolHandshake.java:68)org.openqa.selenium.remote.HttpCommandExecutor.execute(HttpCommandExecutor.java:165)org.openqa.selenium.remote.service.DriverCommandExecutor.invokeExecute(DriverCommandExecutor.java:183)org.openqa.selenium.remote.service.DriverCommandExecutor.execute(DriverCommandExecutor.java:158)org.openqa.selenium.remote.RemoteWebDriver.execute(RemoteWebDriver.java:543)org.openqa.selenium.remote.RemoteWebDriver.startSession(RemoteWebDriver.java:229)org.openqa.selenium.remote.RemoteWebDriver.<init>(RemoteWebDriver.java:157)org.openqa.selenium.chromium.ChromiumDriver.<init>(ChromiumDriver.java:101)org.openqa.selenium.chrome.ChromeDriver.<init>(ChromeDriver.java:88)org.openqa.selenium.chrome.ChromeDriver.<init>(ChromeDriver.java:84)org.openqa.selenium.chrome.ChromeDriver.<init>(ChromeDriver.java:52)testScripts.AmazonPrintLinks.first_step(AmazonPrintLinks.java:21)java.base/jdk.internal.reflect.DirectMethodHandleAccessor.invoke(DirectMethodHandleAccessor.java:104)java.base/java.lang.reflect.Method.invoke(Method.java:578)org.testng.internal.invokers.MethodInvocationHelper.invokeMethod(MethodInvocationHelper.java:139)org.testng.internal.invokers.MethodInvocationHelper.invokeMethodConsideringTimeout(MethodInvocationHelper.java:69)org.testng.internal.invokers.ConfigInvoker.invokeConfigurationMethod(ConfigInvoker.java:390)org.testng.internal.invokers.ConfigInvoker.invokeConfigurations(ConfigInvoker.java:325)org.testng.internal.invokers.TestMethodWorker.invokeBeforeClassMethods(TestMethodWorker.java:180)org.testng.internal.invokers.TestMethodWorker.run(TestMethodWorker.java:122)java.base/java.util.ArrayList.forEach(ArrayList.java:1511)org.testng.TestRunner.privateRun(TestRunner.java:848)org.testng.TestRunner.run(TestRunner.java:621)org.testng.SuiteRunner.runTest(SuiteRunner.java:443)org.testng.SuiteRunner.runSequentially(SuiteRunner.java:437)org.testng.SuiteRunner.privateRun(SuiteRunner.java:397)org.testng.SuiteRunner.run(SuiteRunner.java:336)org.testng.SuiteRunnerWorker.runSuite(SuiteRunnerWorker.java:52)org.testng.SuiteRunnerWorker.run(SuiteRunnerWorker.java:95)org.testng.TestNG.runSuitesSequentially(TestNG.java:1280)org.testng.TestNG.runSuitesLocally(TestNG.java:1200)org.testng.TestNG.runSuites(TestNG.java:1114)org.testng.TestNG.run(TestNG.java:1082)com.intellij.rt.testng.IDEARemoteTestNG.run(IDEARemoteTestNG.java:66)com.intellij.rt.testng.RemoteTestNGStarter.main(RemoteTestNGStarter.java:105)
]]>
            </failure>
    </testcase>

            <testcase
                name="quit_the_session"
                time="0.0"
                classname="testScripts.AmazonPrintLinks">
            </testcase>
            <testcase
                name="print_all_links"
                time="0.0"
                classname="testScripts.AmazonPrintLinks">
            </testcase>

</testsuite>
